{"name": "test_Accounts", "status": "failed", "statusDetails": {"message": "AssertionError", "trace": "def test_Accounts ():\n        try:\n            rptTC_Title(\"Validate Accounts navigation & verify page object \")\n            LaunchBrowser()\n            rptStepDetails(\"Pass\", \"Browser Launched Successfully\")\n            sleep(2)\n            fn_NavigateTo_AccountsPage()\n            fn_NavigateTo_QuotesPage()\n            fn_ClickOnNewQuote()\n    #         fn_VerifyQuotePage()\n            fn_EnterQuoteSummaryInfo()\n            sleep(random.randint(0,15))\n>           fn_Click_Save_OnHeader()\n\nTC01_Accounts.py:29: \n_ _ _ _ _ _ _ _ _ _ _ _ _ _ _ _ _ _ _ _ _ _ _ _ _ _ _ _ _ _ _ _ _ _ _ _ _ _ _ _ _ _ _ _ _ _ _ _ _ _ _ _ _ _ _ _ _ _ \n\na = (), kw = {}, __tracebackhide__ = True, params = OrderedDict(), args = []\n\n    @wraps(func)\n    def impl(*a, **kw):\n        __tracebackhide__ = True\n        params = func_parameters(func, *a, **kw)\n        args = list(map(lambda x: represent(x), a))\n        with StepContext(self.title.format(*args, **params), params):\n>           return func(*a, **kw)\n\nc:\\python36\\lib\\site-packages\\allure_commons\\_allure.py:157: \n_ _ _ _ _ _ _ _ _ _ _ _ _ _ _ _ _ _ _ _ _ _ _ _ _ _ _ _ _ _ _ _ _ _ _ _ _ _ _ _ _ _ _ _ _ _ _ _ _ _ _ _ _ _ _ _ _ _ \n\n    @allure.step(\"Click on Save button on header\")\n    def fn_Click_Save_OnHeader():\n>       Browser.find_element_by_xpath(\"//*[@id='quote|NoRelationship|Form|Mscrm.SavePrimary12']/button\").click()\n\n..\\..\\Commonfunction.py:193: \n_ _ _ _ _ _ _ _ _ _ _ _ _ _ _ _ _ _ _ _ _ _ _ _ _ _ _ _ _ _ _ _ _ _ _ _ _ _ _ _ _ _ _ _ _ _ _ _ _ _ _ _ _ _ _ _ _ _ \n\nself = <selenium.webdriver.chrome.webdriver.WebDriver (session=\"db9bdc89e1d9162ec96c7a1ab1db4948\")>\nxpath = \"//*[@id='quote|NoRelationship|Form|Mscrm.SavePrimary12']/button\"\n\n    def find_element_by_xpath(self, xpath):\n        \"\"\"\n        Finds an element by xpath.\n    \n        :Args:\n         - xpath - The xpath locator of the element to find.\n    \n        :Returns:\n         - WebElement - the element if it was found\n    \n        :Raises:\n         - NoSuchElementException - if the element wasn't found\n    \n        :Usage:\n            element = driver.find_element_by_xpath('//div/td[1]')\n        \"\"\"\n>       return self.find_element(by=By.XPATH, value=xpath)\n\nc:\\python36\\lib\\site-packages\\selenium\\webdriver\\remote\\webdriver.py:394: \n_ _ _ _ _ _ _ _ _ _ _ _ _ _ _ _ _ _ _ _ _ _ _ _ _ _ _ _ _ _ _ _ _ _ _ _ _ _ _ _ _ _ _ _ _ _ _ _ _ _ _ _ _ _ _ _ _ _ \n\nself = <selenium.webdriver.chrome.webdriver.WebDriver (session=\"db9bdc89e1d9162ec96c7a1ab1db4948\")>, by = 'xpath'\nvalue = \"//*[@id='quote|NoRelationship|Form|Mscrm.SavePrimary12']/button\"\n\n    def find_element(self, by=By.ID, value=None):\n        \"\"\"\n        Find an element given a By strategy and locator. Prefer the find_element_by_* methods when\n        possible.\n    \n        :Usage:\n            element = driver.find_element(By.ID, 'foo')\n    \n        :rtype: WebElement\n        \"\"\"\n        if self.w3c:\n            if by == By.ID:\n                by = By.CSS_SELECTOR\n                value = '[id=\"%s\"]' % value\n            elif by == By.TAG_NAME:\n                by = By.CSS_SELECTOR\n            elif by == By.CLASS_NAME:\n                by = By.CSS_SELECTOR\n                value = \".%s\" % value\n            elif by == By.NAME:\n                by = By.CSS_SELECTOR\n                value = '[name=\"%s\"]' % value\n        return self.execute(Command.FIND_ELEMENT, {\n            'using': by,\n>           'value': value})['value']\n\nc:\\python36\\lib\\site-packages\\selenium\\webdriver\\remote\\webdriver.py:978: \n_ _ _ _ _ _ _ _ _ _ _ _ _ _ _ _ _ _ _ _ _ _ _ _ _ _ _ _ _ _ _ _ _ _ _ _ _ _ _ _ _ _ _ _ _ _ _ _ _ _ _ _ _ _ _ _ _ _ \n\nself = <selenium.webdriver.chrome.webdriver.WebDriver (session=\"db9bdc89e1d9162ec96c7a1ab1db4948\")>\ndriver_command = 'findElement'\nparams = {'using': 'xpath', 'value': \"//*[@id='quote|NoRelationship|Form|Mscrm.SavePrimary12']/button\"}\n\n    def execute(self, driver_command, params=None):\n        \"\"\"\n        Sends a command to be executed by a command.CommandExecutor.\n    \n        :Args:\n         - driver_command: The name of the command to execute as a string.\n         - params: A dictionary of named parameters to send with the command.\n    \n        :Returns:\n          The command's JSON response loaded into a dictionary object.\n        \"\"\"\n        if self.session_id is not None:\n            if not params:\n                params = {'sessionId': self.session_id}\n            elif 'sessionId' not in params:\n                params['sessionId'] = self.session_id\n    \n        params = self._wrap_value(params)\n        response = self.command_executor.execute(driver_command, params)\n        if response:\n>           self.error_handler.check_response(response)\n\nc:\\python36\\lib\\site-packages\\selenium\\webdriver\\remote\\webdriver.py:321: \n_ _ _ _ _ _ _ _ _ _ _ _ _ _ _ _ _ _ _ _ _ _ _ _ _ _ _ _ _ _ _ _ _ _ _ _ _ _ _ _ _ _ _ _ _ _ _ _ _ _ _ _ _ _ _ _ _ _ \n\nself = <selenium.webdriver.remote.errorhandler.ErrorHandler object at 0x0000000003C805C0>\nresponse = {'status': 404, 'value': '{\"value\":{\"error\":\"no such element\",\"message\":\"no such element: Unable to locate element: {\\...x7485343D+18]\\\\n\\\\tRtlInitializeExceptionChain [0x770A9812+99]\\\\n\\\\tRtlInitializeExceptionChain [0x770A97E5+54]\\\\n\"}}'}\n\n    def check_response(self, response):\n        \"\"\"\n        Checks that a JSON response from the WebDriver does not have an error.\n    \n        :Args:\n         - response - The JSON response from the WebDriver server as a dictionary\n           object.\n    \n        :Raises: If the response contains an error message.\n        \"\"\"\n        status = response.get('status', None)\n        if status is None or status == ErrorCode.SUCCESS:\n            return\n        value = None\n        message = response.get(\"message\", \"\")\n        screen = response.get(\"screen\", \"\")\n        stacktrace = None\n        if isinstance(status, int):\n            value_json = response.get('value', None)\n            if value_json and isinstance(value_json, basestring):\n                import json\n                try:\n                    value = json.loads(value_json)\n                    if len(value.keys()) == 1:\n                        value = value['value']\n                    status = value.get('error', None)\n                    if status is None:\n                        status = value[\"status\"]\n                        message = value[\"value\"]\n                        if not isinstance(message, basestring):\n                            value = message\n                            message = message.get('message')\n                    else:\n                        message = value.get('message', None)\n                except ValueError:\n                    pass\n    \n        exception_class = ErrorInResponseException\n        if status in ErrorCode.NO_SUCH_ELEMENT:\n            exception_class = NoSuchElementException\n        elif status in ErrorCode.NO_SUCH_FRAME:\n            exception_class = NoSuchFrameException\n        elif status in ErrorCode.NO_SUCH_WINDOW:\n            exception_class = NoSuchWindowException\n        elif status in ErrorCode.STALE_ELEMENT_REFERENCE:\n            exception_class = StaleElementReferenceException\n        elif status in ErrorCode.ELEMENT_NOT_VISIBLE:\n            exception_class = ElementNotVisibleException\n        elif status in ErrorCode.INVALID_ELEMENT_STATE:\n            exception_class = InvalidElementStateException\n        elif status in ErrorCode.INVALID_SELECTOR \\\n                or status in ErrorCode.INVALID_XPATH_SELECTOR \\\n                or status in ErrorCode.INVALID_XPATH_SELECTOR_RETURN_TYPER:\n            exception_class = InvalidSelectorException\n        elif status in ErrorCode.ELEMENT_IS_NOT_SELECTABLE:\n            exception_class = ElementNotSelectableException\n        elif status in ErrorCode.ELEMENT_NOT_INTERACTABLE:\n            exception_class = ElementNotInteractableException\n        elif status in ErrorCode.INVALID_COOKIE_DOMAIN:\n            exception_class = InvalidCookieDomainException\n        elif status in ErrorCode.UNABLE_TO_SET_COOKIE:\n            exception_class = UnableToSetCookieException\n        elif status in ErrorCode.TIMEOUT:\n            exception_class = TimeoutException\n        elif status in ErrorCode.SCRIPT_TIMEOUT:\n            exception_class = TimeoutException\n        elif status in ErrorCode.UNKNOWN_ERROR:\n            exception_class = WebDriverException\n        elif status in ErrorCode.UNEXPECTED_ALERT_OPEN:\n            exception_class = UnexpectedAlertPresentException\n        elif status in ErrorCode.NO_ALERT_OPEN:\n            exception_class = NoAlertPresentException\n        elif status in ErrorCode.IME_NOT_AVAILABLE:\n            exception_class = ImeNotAvailableException\n        elif status in ErrorCode.IME_ENGINE_ACTIVATION_FAILED:\n            exception_class = ImeActivationFailedException\n        elif status in ErrorCode.MOVE_TARGET_OUT_OF_BOUNDS:\n            exception_class = MoveTargetOutOfBoundsException\n        elif status in ErrorCode.JAVASCRIPT_ERROR:\n            exception_class = JavascriptException\n        elif status in ErrorCode.SESSION_NOT_CREATED:\n            exception_class = SessionNotCreatedException\n        elif status in ErrorCode.INVALID_ARGUMENT:\n            exception_class = InvalidArgumentException\n        elif status in ErrorCode.NO_SUCH_COOKIE:\n            exception_class = NoSuchCookieException\n        elif status in ErrorCode.UNABLE_TO_CAPTURE_SCREEN:\n            exception_class = ScreenshotException\n        elif status in ErrorCode.ELEMENT_CLICK_INTERCEPTED:\n            exception_class = ElementClickInterceptedException\n        elif status in ErrorCode.INSECURE_CERTIFICATE:\n            exception_class = InsecureCertificateException\n        elif status in ErrorCode.INVALID_COORDINATES:\n            exception_class = InvalidCoordinatesException\n        elif status in ErrorCode.INVALID_SESSION_ID:\n            exception_class = InvalidSessionIdException\n        elif status in ErrorCode.UNKNOWN_METHOD:\n            exception_class = UnknownMethodException\n        else:\n            exception_class = WebDriverException\n        if value == '' or value is None:\n            value = response['value']\n        if isinstance(value, basestring):\n            if exception_class == ErrorInResponseException:\n                raise exception_class(response, value)\n            raise exception_class(value)\n        if message == \"\" and 'message' in value:\n            message = value['message']\n    \n        screen = None\n        if 'screen' in value:\n            screen = value['screen']\n    \n        stacktrace = None\n        if 'stackTrace' in value and value['stackTrace']:\n            stacktrace = []\n            try:\n                for frame in value['stackTrace']:\n                    line = self._value_or_default(frame, 'lineNumber', '')\n                    file = self._value_or_default(frame, 'fileName', '<anonymous>')\n                    if line:\n                        file = \"%s:%s\" % (file, line)\n                    meth = self._value_or_default(frame, 'methodName', '<anonymous>')\n                    if 'className' in frame:\n                        meth = \"%s.%s\" % (frame['className'], meth)\n                    msg = \"    at %s (%s)\"\n                    msg = msg % (meth, file)\n                    stacktrace.append(msg)\n            except TypeError:\n                pass\n        if exception_class == ErrorInResponseException:\n            raise exception_class(response, message)\n        elif exception_class == UnexpectedAlertPresentException:\n            alert_text = None\n            if 'data' in value:\n                alert_text = value['data'].get('text')\n            elif 'alert' in value:\n                alert_text = value['alert'].get('text')\n            raise exception_class(message, screen, stacktrace, alert_text)\n>       raise exception_class(message, screen, stacktrace)\nE       selenium.common.exceptions.NoSuchElementException: Message: no such element: Unable to locate element: {\"method\":\"xpath\",\"selector\":\"//*[@id='quote|NoRelationship|Form|Mscrm.SavePrimary12']/button\"}\nE         (Session info: chrome=85.0.4183.102)\n\nc:\\python36\\lib\\site-packages\\selenium\\webdriver\\remote\\errorhandler.py:242: NoSuchElementException\n\nDuring handling of the above exception, another exception occurred:\n\n    def test_Accounts ():\n        try:\n            rptTC_Title(\"Validate Accounts navigation & verify page object \")\n            LaunchBrowser()\n            rptStepDetails(\"Pass\", \"Browser Launched Successfully\")\n            sleep(2)\n            fn_NavigateTo_AccountsPage()\n            fn_NavigateTo_QuotesPage()\n            fn_ClickOnNewQuote()\n    #         fn_VerifyQuotePage()\n            fn_EnterQuoteSummaryInfo()\n            sleep(random.randint(0,15))\n            fn_Click_Save_OnHeader()\n            print(\"completed\")\n            assert True\n        except:\n>           rptStepDetails(\"Fail\", \"Unknown error look for error in report\")\n\nTC01_Accounts.py:33: \n_ _ _ _ _ _ _ _ _ _ _ _ _ _ _ _ _ _ _ _ _ _ _ _ _ _ _ _ _ _ _ _ _ _ _ _ _ _ _ _ _ _ _ _ _ _ _ _ _ _ _ _ _ _ _ _ _ _ \n\nTestStatus = 'Fail', TestStep = 'Unknown error look for error in report'\n\n    @allure.step(\"{TestStatus},{TestStep}\")\n    def rptStepDetails(TestStatus=None,TestStep=None):\n        if TestStatus == \"Pass\" or TestStatus ==\"pass\":\n            allure.attach.file(\"C:/Users/DELL/Downloads/image.png\", \"ScreenShot\", attachment_type=None, extension=\"PNG\")\n            assert True\n        else:\n            allure.attach.file(\"C:/Users/DELL/Downloads/image.png\", \"ScreenShot\", attachment_type=None, extension=\"PNG\")\n>           assert False\nE           AssertionError\n\n..\\..\\ReportFunction.py:19: AssertionError"}, "steps": [{"name": "Browser Launched", "status": "passed", "steps": [{"name": "'Pass','Object exist hence exiting'", "status": "passed", "attachments": [{"name": "ScreenShot", "source": "e835fddc-9bc4-4a97-a3aa-44331179a4d9-attachment.PNG"}], "parameters": [{"name": "TestStatus", "value": "'Pass'"}, {"name": "TestStep", "value": "'Object exist hence exiting'"}], "start": 1599995531290, "stop": 1599995531384}, {"name": "'Pass','Login details entered & clicked on login button'", "status": "passed", "attachments": [{"name": "ScreenShot", "source": "b21086e4-26db-4f1c-9caa-e85ecfadb239-attachment.PNG"}], "parameters": [{"name": "TestStatus", "value": "'Pass'"}, {"name": "TestStep", "value": "'Login details entered & clicked on login button'"}], "start": 1599995536733, "stop": 1599995536747}, {"name": "'Pass','Object exist hence exiting'", "status": "passed", "attachments": [{"name": "ScreenShot", "source": "36380b29-9e58-4979-94c5-3fc5b2d6b087-attachment.PNG"}], "parameters": [{"name": "TestStatus", "value": "'Pass'"}, {"name": "TestStep", "value": "'Object exist hence exiting'"}], "start": 1599995538983, "stop": 1599995539002}, {"name": "'Pass','Object exist hence exiting'", "status": "passed", "attachments": [{"name": "ScreenShot", "source": "abbcfbf8-1301-44af-815b-6a4b0925efa2-attachment.PNG"}], "parameters": [{"name": "TestStatus", "value": "'Pass'"}, {"name": "TestStep", "value": "'Object exist hence exiting'"}], "start": 1599995544113, "stop": 1599995544115}, {"name": "'Pass','Clicked on sign on button'", "status": "passed", "attachments": [{"name": "ScreenShot", "source": "eb6e327c-1a15-435f-bd92-1903fe778981-attachment.PNG"}], "parameters": [{"name": "TestStatus", "value": "'Pass'"}, {"name": "TestStep", "value": "'Clicked on sign on button'"}], "start": 1599995547870, "stop": 1599995547872}, {"name": "'Pass','Object exist hence exiting'", "status": "passed", "attachments": [{"name": "ScreenShot", "source": "30d60892-9647-4d9c-80e3-c8890d02b132-attachment.PNG"}], "parameters": [{"name": "TestStatus", "value": "'Pass'"}, {"name": "TestStep", "value": "'Object exist hence exiting'"}], "start": 1599995547972, "stop": 1599995547974}, {"name": "'Pass','Clicked on NO Button in the popup'", "status": "passed", "attachments": [{"name": "ScreenShot", "source": "e35eb99f-1c56-42b9-ade8-a1dbebd7efa7-attachment.PNG"}], "parameters": [{"name": "TestStatus", "value": "'Pass'"}, {"name": "TestStep", "value": "'Clicked on NO Button in the popup'"}], "start": 1599995561987, "stop": 1599995562059}, {"name": "'Pass','Object exist hence exiting'", "status": "passed", "attachments": [{"name": "ScreenShot", "source": "f1a491d1-4a35-4ff1-ab23-6adeb341f062-attachment.PNG"}], "parameters": [{"name": "TestStatus", "value": "'Pass'"}, {"name": "TestStep", "value": "'Object exist hence exiting'"}], "start": 1599995562266, "stop": 1599995562392}, {"name": "'Pass','Object exist hence exiting'", "status": "passed", "attachments": [{"name": "ScreenShot", "source": "59d5cf92-aa71-4855-badc-795c46d5aa24-attachment.PNG"}], "parameters": [{"name": "TestStatus", "value": "'Pass'"}, {"name": "TestStep", "value": "'Object exist hence exiting'"}], "start": 1599995562489, "stop": 1599995562491}], "start": 1599995519093, "stop": 1599995583660}, {"name": "'Pass','Browser Launched Successfully'", "status": "passed", "attachments": [{"name": "ScreenShot", "source": "c4be6749-25cd-4f59-a679-dabaa0f8a9df-attachment.PNG"}], "parameters": [{"name": "TestStatus", "value": "'Pass'"}, {"name": "TestStep", "value": "'Browser Launched Successfully'"}], "start": 1599995583660, "stop": 1599995583688}, {"name": "Clicked on Accounts link on left panel", "status": "passed", "steps": [{"name": "'Pass','Object exist hence exiting'", "status": "passed", "attachments": [{"name": "ScreenShot", "source": "5436a375-9877-4b8b-9319-af0e18006036-attachment.PNG"}], "parameters": [{"name": "TestStatus", "value": "'Pass'"}, {"name": "TestStep", "value": "'Object exist hence exiting'"}], "start": 1599995585812, "stop": 1599995585832}, {"name": "'Pass','Object exist hence exiting'", "status": "passed", "attachments": [{"name": "ScreenShot", "source": "b805cab7-fa62-4b99-a3e4-16b1dc12a845-attachment.PNG"}], "parameters": [{"name": "TestStatus", "value": "'Pass'"}, {"name": "TestStep", "value": "'Object exist hence exiting'"}], "start": 1599995605993, "stop": 1599995605995}, {"name": "'Pass','Object exist hence exiting'", "status": "passed", "attachments": [{"name": "ScreenShot", "source": "83f03228-b70c-4c50-8f6c-b23511d4a202-attachment.PNG"}], "parameters": [{"name": "TestStatus", "value": "'Pass'"}, {"name": "TestStep", "value": "'Object exist hence exiting'"}], "start": 1599995612405, "stop": 1599995612407}], "start": 1599995585688, "stop": 1599995612585}, {"name": "Clicked on Quote link in left panel", "status": "passed", "start": 1599995612585, "stop": 1599995612846}, {"name": "Click on Quote button", "status": "passed", "steps": [{"name": "'Pass','Object exist hence exiting'", "status": "passed", "attachments": [{"name": "ScreenShot", "source": "a5e7beb7-c3c1-4f16-b41b-ea0a05397bc8-attachment.PNG"}], "parameters": [{"name": "TestStatus", "value": "'Pass'"}, {"name": "TestStep", "value": "'Object exist hence exiting'"}], "start": 1599995618931, "stop": 1599995618933}], "start": 1599995612847, "stop": 1599995619151}, {"name": "Entering summary info", "status": "passed", "steps": [{"name": "'Pass','QuoteName QA_mqtccyg_vpwag_20200913'", "status": "passed", "attachments": [{"name": "ScreenShot", "source": "8839f4c1-c1eb-4cc2-a421-3386b3884ee0-attachment.PNG"}], "parameters": [{"name": "TestStatus", "value": "'Pass'"}, {"name": "TestStep", "value": "'QuoteName QA_mqtccyg_vpwag_20200913'"}], "start": 1599995619152, "stop": 1599995619154}], "start": 1599995619151, "stop": 1599995633514}, {"name": "Click on Save button on header", "status": "broken", "statusDetails": {"message": "selenium.common.exceptions.NoSuchElementException: Message: no such element: Unable to locate element: {\"method\":\"xpath\",\"selector\":\"//*[@id='quote|NoRelationship|Form|Mscrm.SavePrimary12']/button\"}\n  (Session info: chrome=85.0.4183.102)\n\n", "trace": "  File \"c:\\python36\\lib\\site-packages\\allure_commons\\_allure.py\", line 157, in impl\n    return func(*a, **kw)\n  File \"C:\\Users\\DELL\\eclipse-workspace\\CDI\\Commonfunction.py\", line 193, in fn_Click_Save_OnHeader\n    Browser.find_element_by_xpath(\"//*[@id='quote|NoRelationship|Form|Mscrm.SavePrimary12']/button\").click()\n  File \"c:\\python36\\lib\\site-packages\\selenium\\webdriver\\remote\\webdriver.py\", line 394, in find_element_by_xpath\n    return self.find_element(by=By.XPATH, value=xpath)\n  File \"c:\\python36\\lib\\site-packages\\selenium\\webdriver\\remote\\webdriver.py\", line 978, in find_element\n    'value': value})['value']\n  File \"c:\\python36\\lib\\site-packages\\selenium\\webdriver\\remote\\webdriver.py\", line 321, in execute\n    self.error_handler.check_response(response)\n  File \"c:\\python36\\lib\\site-packages\\selenium\\webdriver\\remote\\errorhandler.py\", line 242, in check_response\n    raise exception_class(message, screen, stacktrace)\n"}, "start": 1599995642515, "stop": 1599995642557}, {"name": "'Fail','Unknown error look for error in report'", "status": "failed", "statusDetails": {"message": "AssertionError\n", "trace": "  File \"c:\\python36\\lib\\site-packages\\allure_commons\\_allure.py\", line 157, in impl\n    return func(*a, **kw)\n  File \"C:\\Users\\DELL\\eclipse-workspace\\CDI\\ReportFunction.py\", line 19, in rptStepDetails\n    assert False\n"}, "attachments": [{"name": "ScreenShot", "source": "e67e7088-0fd4-4d2e-9e22-0119c049e22b-attachment.PNG"}], "parameters": [{"name": "TestStatus", "value": "'Fail'"}, {"name": "TestStep", "value": "'Unknown error look for error in report'"}], "start": 1599995642587, "stop": 1599995642589}], "start": 1599995519092, "stop": 1599995642590, "uuid": "bdc87d39-e4d1-48b5-bc8e-1f7421fd56f6", "historyId": "1308f9c3f65abc16844080ba636a349e", "testCaseId": "915d1631ed0ced950e6348799c47ffc5", "fullName": "scr.Accounts.TC01_Accounts#test_Accounts", "labels": [{"name": "parentSuite", "value": "scr.Accounts"}, {"name": "suite", "value": "TC01_Accounts"}, {"name": "host", "value": "GOOGLE"}, {"name": "thread", "value": "1164-MainThread"}, {"name": "framework", "value": "pytest"}, {"name": "language", "value": "cpython3"}, {"name": "package", "value": "scr.Accounts.TC01_Accounts"}]}