{"name": "test_Accounts", "status": "failed", "statusDetails": {"message": "AssertionError", "trace": "@allure.step('Browser Launched')\n    def LaunchBrowser():\n        try:\n            winName = getWindowName()\n            Browser.switch_to.window(winName[1])\n            Browser.close()\n            Browser.switch_to.window(winName[0])\n            Browser.get(\"https://tcdi-test.crm.dynamics.com/main.aspx?forceUCI=1&pagetype=apps\")\n            sleep(5)\n            fn_objExist(Browser.find_element_by_name(\"loginfmt\"))\n            Browser.find_element_by_id(\"i0116\").send_keys(\"test.fieldsales@cditechnologies.com\")\n            sleep(5)\n            WebDriverWait(Browser,140).until(EC.element_to_be_clickable((By.ID,\"idSIButton9\")))\n            Browser.find_element_by_id(\"idSIButton9\").click()\n            rptStepDetails(\"Pass\", \"Login details entered & clicked on login button\")\n            WebDriverWait(Browser,140).until(EC.element_to_be_clickable((By.ID,\"i0118\")))\n            fn_objExist(Browser.find_element_by_id(\"i0118\"))\n            Browser.find_element_by_id(\"i0118\").send_keys(\"Tr0x@CRM\")\n            sleep(5)\n            fn_objExist(Browser.find_element_by_id(\"idSIButton9\"))\n            Browser.find_element_by_id(\"idSIButton9\").click()\n            rptStepDetails(\"Pass\",\"Clicked on sign on button\")\n            fn_objExist(Browser.find_element_by_id(\"idBtn_Back\"))\n            Browser.find_element_by_id(\"idBtn_Back\").click()\n            sleep(10)\n            rptStepDetails(\"Pass\", \"Clicked on NO Button in the popup\")\n            WebDriverWait(Browser,340).until(EC.element_to_be_clickable((By.ID,\"AppLandingPage\")))\n            fn_objExist(Browser.find_element_by_id(\"AppLandingPage\"))\n            Browser.switch_to.frame(\"AppLandingPage\")\n>           fn_objExist(Browser.find_element_by_xpath('//*[@id=\"AppDetailsSec_1_Item_1\"]/div[1]'))\n\n..\\..\\Commonfunction.py:107: \n_ _ _ _ _ _ _ _ _ _ _ _ _ _ _ _ _ _ _ _ _ _ _ _ _ _ _ _ _ _ _ _ _ _ _ _ _ _ _ _ _ _ _ _ _ _ _ _ _ _ _ _ _ _ _ _ _ _ \n\nself = <selenium.webdriver.chrome.webdriver.WebDriver (session=\"5c8ae974bcadad9b9e2c31e2d11819c4\")>\nxpath = '//*[@id=\"AppDetailsSec_1_Item_1\"]/div[1]'\n\n    def find_element_by_xpath(self, xpath):\n        \"\"\"\n        Finds an element by xpath.\n    \n        :Args:\n         - xpath - The xpath locator of the element to find.\n    \n        :Returns:\n         - WebElement - the element if it was found\n    \n        :Raises:\n         - NoSuchElementException - if the element wasn't found\n    \n        :Usage:\n            element = driver.find_element_by_xpath('//div/td[1]')\n        \"\"\"\n>       return self.find_element(by=By.XPATH, value=xpath)\n\nc:\\python36\\lib\\site-packages\\selenium\\webdriver\\remote\\webdriver.py:394: \n_ _ _ _ _ _ _ _ _ _ _ _ _ _ _ _ _ _ _ _ _ _ _ _ _ _ _ _ _ _ _ _ _ _ _ _ _ _ _ _ _ _ _ _ _ _ _ _ _ _ _ _ _ _ _ _ _ _ \n\nself = <selenium.webdriver.chrome.webdriver.WebDriver (session=\"5c8ae974bcadad9b9e2c31e2d11819c4\")>, by = 'xpath'\nvalue = '//*[@id=\"AppDetailsSec_1_Item_1\"]/div[1]'\n\n    def find_element(self, by=By.ID, value=None):\n        \"\"\"\n        Find an element given a By strategy and locator. Prefer the find_element_by_* methods when\n        possible.\n    \n        :Usage:\n            element = driver.find_element(By.ID, 'foo')\n    \n        :rtype: WebElement\n        \"\"\"\n        if self.w3c:\n            if by == By.ID:\n                by = By.CSS_SELECTOR\n                value = '[id=\"%s\"]' % value\n            elif by == By.TAG_NAME:\n                by = By.CSS_SELECTOR\n            elif by == By.CLASS_NAME:\n                by = By.CSS_SELECTOR\n                value = \".%s\" % value\n            elif by == By.NAME:\n                by = By.CSS_SELECTOR\n                value = '[name=\"%s\"]' % value\n        return self.execute(Command.FIND_ELEMENT, {\n            'using': by,\n>           'value': value})['value']\n\nc:\\python36\\lib\\site-packages\\selenium\\webdriver\\remote\\webdriver.py:978: \n_ _ _ _ _ _ _ _ _ _ _ _ _ _ _ _ _ _ _ _ _ _ _ _ _ _ _ _ _ _ _ _ _ _ _ _ _ _ _ _ _ _ _ _ _ _ _ _ _ _ _ _ _ _ _ _ _ _ \n\nself = <selenium.webdriver.chrome.webdriver.WebDriver (session=\"5c8ae974bcadad9b9e2c31e2d11819c4\")>\ndriver_command = 'findElement', params = {'using': 'xpath', 'value': '//*[@id=\"AppDetailsSec_1_Item_1\"]/div[1]'}\n\n    def execute(self, driver_command, params=None):\n        \"\"\"\n        Sends a command to be executed by a command.CommandExecutor.\n    \n        :Args:\n         - driver_command: The name of the command to execute as a string.\n         - params: A dictionary of named parameters to send with the command.\n    \n        :Returns:\n          The command's JSON response loaded into a dictionary object.\n        \"\"\"\n        if self.session_id is not None:\n            if not params:\n                params = {'sessionId': self.session_id}\n            elif 'sessionId' not in params:\n                params['sessionId'] = self.session_id\n    \n        params = self._wrap_value(params)\n        response = self.command_executor.execute(driver_command, params)\n        if response:\n>           self.error_handler.check_response(response)\n\nc:\\python36\\lib\\site-packages\\selenium\\webdriver\\remote\\webdriver.py:321: \n_ _ _ _ _ _ _ _ _ _ _ _ _ _ _ _ _ _ _ _ _ _ _ _ _ _ _ _ _ _ _ _ _ _ _ _ _ _ _ _ _ _ _ _ _ _ _ _ _ _ _ _ _ _ _ _ _ _ \n\nself = <selenium.webdriver.remote.errorhandler.ErrorHandler object at 0x0000000003CA0588>\nresponse = {'status': 404, 'value': '{\"value\":{\"error\":\"no such element\",\"message\":\"no such element: Unable to locate element: {\\...x7485343D+18]\\\\n\\\\tRtlInitializeExceptionChain [0x770A9812+99]\\\\n\\\\tRtlInitializeExceptionChain [0x770A97E5+54]\\\\n\"}}'}\n\n    def check_response(self, response):\n        \"\"\"\n        Checks that a JSON response from the WebDriver does not have an error.\n    \n        :Args:\n         - response - The JSON response from the WebDriver server as a dictionary\n           object.\n    \n        :Raises: If the response contains an error message.\n        \"\"\"\n        status = response.get('status', None)\n        if status is None or status == ErrorCode.SUCCESS:\n            return\n        value = None\n        message = response.get(\"message\", \"\")\n        screen = response.get(\"screen\", \"\")\n        stacktrace = None\n        if isinstance(status, int):\n            value_json = response.get('value', None)\n            if value_json and isinstance(value_json, basestring):\n                import json\n                try:\n                    value = json.loads(value_json)\n                    if len(value.keys()) == 1:\n                        value = value['value']\n                    status = value.get('error', None)\n                    if status is None:\n                        status = value[\"status\"]\n                        message = value[\"value\"]\n                        if not isinstance(message, basestring):\n                            value = message\n                            message = message.get('message')\n                    else:\n                        message = value.get('message', None)\n                except ValueError:\n                    pass\n    \n        exception_class = ErrorInResponseException\n        if status in ErrorCode.NO_SUCH_ELEMENT:\n            exception_class = NoSuchElementException\n        elif status in ErrorCode.NO_SUCH_FRAME:\n            exception_class = NoSuchFrameException\n        elif status in ErrorCode.NO_SUCH_WINDOW:\n            exception_class = NoSuchWindowException\n        elif status in ErrorCode.STALE_ELEMENT_REFERENCE:\n            exception_class = StaleElementReferenceException\n        elif status in ErrorCode.ELEMENT_NOT_VISIBLE:\n            exception_class = ElementNotVisibleException\n        elif status in ErrorCode.INVALID_ELEMENT_STATE:\n            exception_class = InvalidElementStateException\n        elif status in ErrorCode.INVALID_SELECTOR \\\n                or status in ErrorCode.INVALID_XPATH_SELECTOR \\\n                or status in ErrorCode.INVALID_XPATH_SELECTOR_RETURN_TYPER:\n            exception_class = InvalidSelectorException\n        elif status in ErrorCode.ELEMENT_IS_NOT_SELECTABLE:\n            exception_class = ElementNotSelectableException\n        elif status in ErrorCode.ELEMENT_NOT_INTERACTABLE:\n            exception_class = ElementNotInteractableException\n        elif status in ErrorCode.INVALID_COOKIE_DOMAIN:\n            exception_class = InvalidCookieDomainException\n        elif status in ErrorCode.UNABLE_TO_SET_COOKIE:\n            exception_class = UnableToSetCookieException\n        elif status in ErrorCode.TIMEOUT:\n            exception_class = TimeoutException\n        elif status in ErrorCode.SCRIPT_TIMEOUT:\n            exception_class = TimeoutException\n        elif status in ErrorCode.UNKNOWN_ERROR:\n            exception_class = WebDriverException\n        elif status in ErrorCode.UNEXPECTED_ALERT_OPEN:\n            exception_class = UnexpectedAlertPresentException\n        elif status in ErrorCode.NO_ALERT_OPEN:\n            exception_class = NoAlertPresentException\n        elif status in ErrorCode.IME_NOT_AVAILABLE:\n            exception_class = ImeNotAvailableException\n        elif status in ErrorCode.IME_ENGINE_ACTIVATION_FAILED:\n            exception_class = ImeActivationFailedException\n        elif status in ErrorCode.MOVE_TARGET_OUT_OF_BOUNDS:\n            exception_class = MoveTargetOutOfBoundsException\n        elif status in ErrorCode.JAVASCRIPT_ERROR:\n            exception_class = JavascriptException\n        elif status in ErrorCode.SESSION_NOT_CREATED:\n            exception_class = SessionNotCreatedException\n        elif status in ErrorCode.INVALID_ARGUMENT:\n            exception_class = InvalidArgumentException\n        elif status in ErrorCode.NO_SUCH_COOKIE:\n            exception_class = NoSuchCookieException\n        elif status in ErrorCode.UNABLE_TO_CAPTURE_SCREEN:\n            exception_class = ScreenshotException\n        elif status in ErrorCode.ELEMENT_CLICK_INTERCEPTED:\n            exception_class = ElementClickInterceptedException\n        elif status in ErrorCode.INSECURE_CERTIFICATE:\n            exception_class = InsecureCertificateException\n        elif status in ErrorCode.INVALID_COORDINATES:\n            exception_class = InvalidCoordinatesException\n        elif status in ErrorCode.INVALID_SESSION_ID:\n            exception_class = InvalidSessionIdException\n        elif status in ErrorCode.UNKNOWN_METHOD:\n            exception_class = UnknownMethodException\n        else:\n            exception_class = WebDriverException\n        if value == '' or value is None:\n            value = response['value']\n        if isinstance(value, basestring):\n            if exception_class == ErrorInResponseException:\n                raise exception_class(response, value)\n            raise exception_class(value)\n        if message == \"\" and 'message' in value:\n            message = value['message']\n    \n        screen = None\n        if 'screen' in value:\n            screen = value['screen']\n    \n        stacktrace = None\n        if 'stackTrace' in value and value['stackTrace']:\n            stacktrace = []\n            try:\n                for frame in value['stackTrace']:\n                    line = self._value_or_default(frame, 'lineNumber', '')\n                    file = self._value_or_default(frame, 'fileName', '<anonymous>')\n                    if line:\n                        file = \"%s:%s\" % (file, line)\n                    meth = self._value_or_default(frame, 'methodName', '<anonymous>')\n                    if 'className' in frame:\n                        meth = \"%s.%s\" % (frame['className'], meth)\n                    msg = \"    at %s (%s)\"\n                    msg = msg % (meth, file)\n                    stacktrace.append(msg)\n            except TypeError:\n                pass\n        if exception_class == ErrorInResponseException:\n            raise exception_class(response, message)\n        elif exception_class == UnexpectedAlertPresentException:\n            alert_text = None\n            if 'data' in value:\n                alert_text = value['data'].get('text')\n            elif 'alert' in value:\n                alert_text = value['alert'].get('text')\n            raise exception_class(message, screen, stacktrace, alert_text)\n>       raise exception_class(message, screen, stacktrace)\nE       selenium.common.exceptions.NoSuchElementException: Message: no such element: Unable to locate element: {\"method\":\"xpath\",\"selector\":\"//*[@id=\"AppDetailsSec_1_Item_1\"]/div[1]\"}\nE         (Session info: chrome=85.0.4183.102)\n\nc:\\python36\\lib\\site-packages\\selenium\\webdriver\\remote\\errorhandler.py:242: NoSuchElementException\n\nDuring handling of the above exception, another exception occurred:\n\n    def test_Accounts ():\n        try:\n            rptTC_Title(\"Validate Accounts navigation & verify page object \")\n>           LaunchBrowser()\n\nTC01_Accounts.py:20: \n_ _ _ _ _ _ _ _ _ _ _ _ _ _ _ _ _ _ _ _ _ _ _ _ _ _ _ _ _ _ _ _ _ _ _ _ _ _ _ _ _ _ _ _ _ _ _ _ _ _ _ _ _ _ _ _ _ _ \n\na = (), kw = {}, __tracebackhide__ = True, params = OrderedDict(), args = []\n\n    @wraps(func)\n    def impl(*a, **kw):\n        __tracebackhide__ = True\n        params = func_parameters(func, *a, **kw)\n        args = list(map(lambda x: represent(x), a))\n        with StepContext(self.title.format(*args, **params), params):\n>           return func(*a, **kw)\n\nc:\\python36\\lib\\site-packages\\allure_commons\\_allure.py:157: \n_ _ _ _ _ _ _ _ _ _ _ _ _ _ _ _ _ _ _ _ _ _ _ _ _ _ _ _ _ _ _ _ _ _ _ _ _ _ _ _ _ _ _ _ _ _ _ _ _ _ _ _ _ _ _ _ _ _ \n\n    @allure.step('Browser Launched')\n    def LaunchBrowser():\n        try:\n            winName = getWindowName()\n            Browser.switch_to.window(winName[1])\n            Browser.close()\n            Browser.switch_to.window(winName[0])\n            Browser.get(\"https://tcdi-test.crm.dynamics.com/main.aspx?forceUCI=1&pagetype=apps\")\n            sleep(5)\n            fn_objExist(Browser.find_element_by_name(\"loginfmt\"))\n            Browser.find_element_by_id(\"i0116\").send_keys(\"test.fieldsales@cditechnologies.com\")\n            sleep(5)\n            WebDriverWait(Browser,140).until(EC.element_to_be_clickable((By.ID,\"idSIButton9\")))\n            Browser.find_element_by_id(\"idSIButton9\").click()\n            rptStepDetails(\"Pass\", \"Login details entered & clicked on login button\")\n            WebDriverWait(Browser,140).until(EC.element_to_be_clickable((By.ID,\"i0118\")))\n            fn_objExist(Browser.find_element_by_id(\"i0118\"))\n            Browser.find_element_by_id(\"i0118\").send_keys(\"Tr0x@CRM\")\n            sleep(5)\n            fn_objExist(Browser.find_element_by_id(\"idSIButton9\"))\n            Browser.find_element_by_id(\"idSIButton9\").click()\n            rptStepDetails(\"Pass\",\"Clicked on sign on button\")\n            fn_objExist(Browser.find_element_by_id(\"idBtn_Back\"))\n            Browser.find_element_by_id(\"idBtn_Back\").click()\n            sleep(10)\n            rptStepDetails(\"Pass\", \"Clicked on NO Button in the popup\")\n            WebDriverWait(Browser,340).until(EC.element_to_be_clickable((By.ID,\"AppLandingPage\")))\n            fn_objExist(Browser.find_element_by_id(\"AppLandingPage\"))\n            Browser.switch_to.frame(\"AppLandingPage\")\n            fn_objExist(Browser.find_element_by_xpath('//*[@id=\"AppDetailsSec_1_Item_1\"]/div[1]'))\n            Browser.find_element_by_xpath('//*[@id=\"AppDetailsSec_1_Item_1\"]/div[1]').click()\n            Browser.switch_to.window(winName[0])\n            sleep(20)\n            print(\"Browser Launch completed !!!!\")\n    \n            assert len(winName[0])>0\n        except:\n>           assert False\nE           AssertionError\n\n..\\..\\Commonfunction.py:115: AssertionError\n\nDuring handling of the above exception, another exception occurred:\n\n    def test_Accounts ():\n        try:\n            rptTC_Title(\"Validate Accounts navigation & verify page object \")\n            LaunchBrowser()\n            rptStepDetails(\"Pass\", \"Browser Launched Successfully\")\n            sleep(2)\n            fn_NavigateTo_AccountsPage()\n            fn_NavigateTo_QuotesPage()\n            fn_ClickOnNewQuote()\n    #         fn_VerifyQuotePage()\n            fn_EnterQuoteSummaryInfo()\n            sleep(random.randint(0,15))\n    #         fn_Click_Save_OnHeader()\n            print(\"completed\")\n            assert True\n        except:\n>           rptStepDetails(\"Fail\", \"Unknown error look for error in report\")\n\nTC01_Accounts.py:33: \n_ _ _ _ _ _ _ _ _ _ _ _ _ _ _ _ _ _ _ _ _ _ _ _ _ _ _ _ _ _ _ _ _ _ _ _ _ _ _ _ _ _ _ _ _ _ _ _ _ _ _ _ _ _ _ _ _ _ \n\nTestStatus = 'Fail', TestStep = 'Unknown error look for error in report'\n\n    @allure.step(\"{TestStatus},{TestStep}\")\n    def rptStepDetails(TestStatus=None,TestStep=None):\n        if TestStatus == \"Pass\" or TestStatus ==\"pass\":\n            allure.attach.file(\"C:/Users/DELL/Downloads/image.png\", \"ScreenShot\", attachment_type=None, extension=\"PNG\")\n            assert True\n        else:\n            allure.attach.file(\"C:/Users/DELL/Downloads/image.png\", \"ScreenShot\", attachment_type=None, extension=\"PNG\")\n>           assert False\nE           AssertionError\n\n..\\..\\ReportFunction.py:19: AssertionError"}, "steps": [{"name": "Browser Launched", "status": "failed", "statusDetails": {"message": "AssertionError\n", "trace": "  File \"c:\\python36\\lib\\site-packages\\allure_commons\\_allure.py\", line 157, in impl\n    return func(*a, **kw)\n  File \"C:\\Users\\DELL\\eclipse-workspace\\CDI\\Commonfunction.py\", line 115, in LaunchBrowser\n    assert False\n"}, "steps": [{"name": "'Pass','Object exist hence exiting'", "status": "passed", "attachments": [{"name": "ScreenShot", "source": "76f34feb-22e1-4558-8051-db2a8edaabda-attachment.PNG"}], "parameters": [{"name": "TestStatus", "value": "'Pass'"}, {"name": "TestStep", "value": "'Object exist hence exiting'"}], "start": 1599996237322, "stop": 1599996237324}, {"name": "'Pass','Login details entered & clicked on login button'", "status": "passed", "attachments": [{"name": "ScreenShot", "source": "9cc346e2-a96b-448f-a4dc-b6c6fbaec6df-attachment.PNG"}], "parameters": [{"name": "TestStatus", "value": "'Pass'"}, {"name": "TestStep", "value": "'Login details entered & clicked on login button'"}], "start": 1599996242642, "stop": 1599996242643}, {"name": "'Pass','Object exist hence exiting'", "status": "passed", "attachments": [{"name": "ScreenShot", "source": "451b61b9-bcac-429a-8937-807f3bd18f65-attachment.PNG"}], "parameters": [{"name": "TestStatus", "value": "'Pass'"}, {"name": "TestStep", "value": "'Object exist hence exiting'"}], "start": 1599996243816, "stop": 1599996243835}, {"name": "'Pass','Object exist hence exiting'", "status": "passed", "attachments": [{"name": "ScreenShot", "source": "6548f95f-27ed-42d4-a67c-bc8d5d7a715f-attachment.PNG"}], "parameters": [{"name": "TestStatus", "value": "'Pass'"}, {"name": "TestStep", "value": "'Object exist hence exiting'"}], "start": 1599996248959, "stop": 1599996248962}, {"name": "'Pass','Clicked on sign on button'", "status": "passed", "attachments": [{"name": "ScreenShot", "source": "4d2e6f2a-0aa4-43f5-9793-098415b763b5-attachment.PNG"}], "parameters": [{"name": "TestStatus", "value": "'Pass'"}, {"name": "TestStep", "value": "'Clicked on sign on button'"}], "start": 1599996250481, "stop": 1599996250482}, {"name": "'Pass','Object exist hence exiting'", "status": "passed", "attachments": [{"name": "ScreenShot", "source": "30fb3567-ecfe-4a7d-ba32-a1d7fc88c15d-attachment.PNG"}], "parameters": [{"name": "TestStatus", "value": "'Pass'"}, {"name": "TestStep", "value": "'Object exist hence exiting'"}], "start": 1599996250597, "stop": 1599996250599}, {"name": "'Pass','Clicked on NO Button in the popup'", "status": "passed", "attachments": [{"name": "ScreenShot", "source": "cd1d067a-6e88-48e1-828f-4982614b76ec-attachment.PNG"}], "parameters": [{"name": "TestStatus", "value": "'Pass'"}, {"name": "TestStep", "value": "'Clicked on NO Button in the popup'"}], "start": 1599996268694, "stop": 1599996268696}, {"name": "'Pass','Object exist hence exiting'", "status": "passed", "attachments": [{"name": "ScreenShot", "source": "38169974-6236-4f44-aaf1-1da0bf6a786e-attachment.PNG"}], "parameters": [{"name": "TestStatus", "value": "'Pass'"}, {"name": "TestStep", "value": "'Object exist hence exiting'"}], "start": 1599996268842, "stop": 1599996268844}], "start": 1599996222186, "stop": 1599996268900}, {"name": "'Fail','Unknown error look for error in report'", "status": "failed", "statusDetails": {"message": "AssertionError\n", "trace": "  File \"c:\\python36\\lib\\site-packages\\allure_commons\\_allure.py\", line 157, in impl\n    return func(*a, **kw)\n  File \"C:\\Users\\DELL\\eclipse-workspace\\CDI\\ReportFunction.py\", line 19, in rptStepDetails\n    assert False\n"}, "attachments": [{"name": "ScreenShot", "source": "8b677571-3df7-4aa8-8fe7-7373dd6c6878-attachment.PNG"}], "parameters": [{"name": "TestStatus", "value": "'Fail'"}, {"name": "TestStep", "value": "'Unknown error look for error in report'"}], "start": 1599996268903, "stop": 1599996268905}], "start": 1599996222186, "stop": 1599996268907, "uuid": "2d648410-5094-462f-8d43-da1d0e48ca39", "historyId": "1308f9c3f65abc16844080ba636a349e", "testCaseId": "915d1631ed0ced950e6348799c47ffc5", "fullName": "scr.Accounts.TC01_Accounts#test_Accounts", "labels": [{"name": "parentSuite", "value": "scr.Accounts"}, {"name": "suite", "value": "TC01_Accounts"}, {"name": "host", "value": "GOOGLE"}, {"name": "thread", "value": "2488-MainThread"}, {"name": "framework", "value": "pytest"}, {"name": "language", "value": "cpython3"}, {"name": "package", "value": "scr.Accounts.TC01_Accounts"}]}