{"name": "test_Accounts", "status": "failed", "statusDetails": {"message": "AssertionError", "trace": "@allure.step(\"Clicked on Accounts link on left panel\")\n    def fn_NavigateTo_AccountsPage():\n        try:\n            print(\"Navigate Account page function started ************\")\n>           WebDriverWait(Browser,120).until(EC.element_to_be_clickable((By.XPATH,\"//*[@id='sitemap-entity-New_Account']/div[1]\")))\n\n..\\..\\Commonfunction.py:124: \n_ _ _ _ _ _ _ _ _ _ _ _ _ _ _ _ _ _ _ _ _ _ _ _ _ _ _ _ _ _ _ _ _ _ _ _ _ _ _ _ _ _ _ _ _ _ _ _ _ _ _ _ _ _ _ _ _ _ \n\nself = <selenium.webdriver.support.wait.WebDriverWait (session=\"b39a99968bfaef7c0e2948bf4650b9b6\")>\nmethod = <selenium.webdriver.support.expected_conditions.element_to_be_clickable object at 0x0000000003CA3F98>\nmessage = ''\n\n    def until(self, method, message=''):\n        \"\"\"Calls the method provided with the driver as an argument until the \\\n        return value is not False.\"\"\"\n        screen = None\n        stacktrace = None\n    \n        end_time = time.time() + self._timeout\n        while True:\n            try:\n>               value = method(self._driver)\n\nc:\\python36\\lib\\site-packages\\selenium\\webdriver\\support\\wait.py:71: \n_ _ _ _ _ _ _ _ _ _ _ _ _ _ _ _ _ _ _ _ _ _ _ _ _ _ _ _ _ _ _ _ _ _ _ _ _ _ _ _ _ _ _ _ _ _ _ _ _ _ _ _ _ _ _ _ _ _ \n\nself = <selenium.webdriver.support.expected_conditions.element_to_be_clickable object at 0x0000000003CA3F98>\ndriver = <selenium.webdriver.chrome.webdriver.WebDriver (session=\"b39a99968bfaef7c0e2948bf4650b9b6\")>\n\n    def __call__(self, driver):\n>       element = visibility_of_element_located(self.locator)(driver)\n\nc:\\python36\\lib\\site-packages\\selenium\\webdriver\\support\\expected_conditions.py:297: \n_ _ _ _ _ _ _ _ _ _ _ _ _ _ _ _ _ _ _ _ _ _ _ _ _ _ _ _ _ _ _ _ _ _ _ _ _ _ _ _ _ _ _ _ _ _ _ _ _ _ _ _ _ _ _ _ _ _ \n\nself = <selenium.webdriver.support.expected_conditions.visibility_of_element_located object at 0x0000000003C7EA90>\ndriver = <selenium.webdriver.chrome.webdriver.WebDriver (session=\"b39a99968bfaef7c0e2948bf4650b9b6\")>\n\n    def __call__(self, driver):\n        try:\n>           return _element_if_visible(_find_element(driver, self.locator))\n\nc:\\python36\\lib\\site-packages\\selenium\\webdriver\\support\\expected_conditions.py:128: \n_ _ _ _ _ _ _ _ _ _ _ _ _ _ _ _ _ _ _ _ _ _ _ _ _ _ _ _ _ _ _ _ _ _ _ _ _ _ _ _ _ _ _ _ _ _ _ _ _ _ _ _ _ _ _ _ _ _ \n\ndriver = <selenium.webdriver.chrome.webdriver.WebDriver (session=\"b39a99968bfaef7c0e2948bf4650b9b6\")>\nby = ('xpath', \"//*[@id='sitemap-entity-New_Account']/div[1]\")\n\n    def _find_element(driver, by):\n        \"\"\"Looks up an element. Logs and re-raises ``WebDriverException``\n        if thrown.\"\"\"\n        try:\n            return driver.find_element(*by)\n        except NoSuchElementException as e:\n            raise e\n        except WebDriverException as e:\n>           raise e\n\nc:\\python36\\lib\\site-packages\\selenium\\webdriver\\support\\expected_conditions.py:415: \n_ _ _ _ _ _ _ _ _ _ _ _ _ _ _ _ _ _ _ _ _ _ _ _ _ _ _ _ _ _ _ _ _ _ _ _ _ _ _ _ _ _ _ _ _ _ _ _ _ _ _ _ _ _ _ _ _ _ \n\ndriver = <selenium.webdriver.chrome.webdriver.WebDriver (session=\"b39a99968bfaef7c0e2948bf4650b9b6\")>\nby = ('xpath', \"//*[@id='sitemap-entity-New_Account']/div[1]\")\n\n    def _find_element(driver, by):\n        \"\"\"Looks up an element. Logs and re-raises ``WebDriverException``\n        if thrown.\"\"\"\n        try:\n>           return driver.find_element(*by)\n\nc:\\python36\\lib\\site-packages\\selenium\\webdriver\\support\\expected_conditions.py:411: \n_ _ _ _ _ _ _ _ _ _ _ _ _ _ _ _ _ _ _ _ _ _ _ _ _ _ _ _ _ _ _ _ _ _ _ _ _ _ _ _ _ _ _ _ _ _ _ _ _ _ _ _ _ _ _ _ _ _ \n\nself = <selenium.webdriver.chrome.webdriver.WebDriver (session=\"b39a99968bfaef7c0e2948bf4650b9b6\")>, by = 'xpath'\nvalue = \"//*[@id='sitemap-entity-New_Account']/div[1]\"\n\n    def find_element(self, by=By.ID, value=None):\n        \"\"\"\n        Find an element given a By strategy and locator. Prefer the find_element_by_* methods when\n        possible.\n    \n        :Usage:\n            element = driver.find_element(By.ID, 'foo')\n    \n        :rtype: WebElement\n        \"\"\"\n        if self.w3c:\n            if by == By.ID:\n                by = By.CSS_SELECTOR\n                value = '[id=\"%s\"]' % value\n            elif by == By.TAG_NAME:\n                by = By.CSS_SELECTOR\n            elif by == By.CLASS_NAME:\n                by = By.CSS_SELECTOR\n                value = \".%s\" % value\n            elif by == By.NAME:\n                by = By.CSS_SELECTOR\n                value = '[name=\"%s\"]' % value\n        return self.execute(Command.FIND_ELEMENT, {\n            'using': by,\n>           'value': value})['value']\n\nc:\\python36\\lib\\site-packages\\selenium\\webdriver\\remote\\webdriver.py:978: \n_ _ _ _ _ _ _ _ _ _ _ _ _ _ _ _ _ _ _ _ _ _ _ _ _ _ _ _ _ _ _ _ _ _ _ _ _ _ _ _ _ _ _ _ _ _ _ _ _ _ _ _ _ _ _ _ _ _ \n\nself = <selenium.webdriver.chrome.webdriver.WebDriver (session=\"b39a99968bfaef7c0e2948bf4650b9b6\")>\ndriver_command = 'findElement', params = {'using': 'xpath', 'value': \"//*[@id='sitemap-entity-New_Account']/div[1]\"}\n\n    def execute(self, driver_command, params=None):\n        \"\"\"\n        Sends a command to be executed by a command.CommandExecutor.\n    \n        :Args:\n         - driver_command: The name of the command to execute as a string.\n         - params: A dictionary of named parameters to send with the command.\n    \n        :Returns:\n          The command's JSON response loaded into a dictionary object.\n        \"\"\"\n        if self.session_id is not None:\n            if not params:\n                params = {'sessionId': self.session_id}\n            elif 'sessionId' not in params:\n                params['sessionId'] = self.session_id\n    \n        params = self._wrap_value(params)\n        response = self.command_executor.execute(driver_command, params)\n        if response:\n>           self.error_handler.check_response(response)\n\nc:\\python36\\lib\\site-packages\\selenium\\webdriver\\remote\\webdriver.py:321: \n_ _ _ _ _ _ _ _ _ _ _ _ _ _ _ _ _ _ _ _ _ _ _ _ _ _ _ _ _ _ _ _ _ _ _ _ _ _ _ _ _ _ _ _ _ _ _ _ _ _ _ _ _ _ _ _ _ _ \n\nself = <selenium.webdriver.remote.errorhandler.ErrorHandler object at 0x0000000003C70588>\nresponse = {'status': 500, 'value': '{\"value\":{\"error\":\"chrome not reachable\",\"message\":\"chrome not reachable\\\\n  (Session info: ...x7485343D+18]\\\\n\\\\tRtlInitializeExceptionChain [0x770A9812+99]\\\\n\\\\tRtlInitializeExceptionChain [0x770A97E5+54]\\\\n\"}}'}\n\n    def check_response(self, response):\n        \"\"\"\n        Checks that a JSON response from the WebDriver does not have an error.\n    \n        :Args:\n         - response - The JSON response from the WebDriver server as a dictionary\n           object.\n    \n        :Raises: If the response contains an error message.\n        \"\"\"\n        status = response.get('status', None)\n        if status is None or status == ErrorCode.SUCCESS:\n            return\n        value = None\n        message = response.get(\"message\", \"\")\n        screen = response.get(\"screen\", \"\")\n        stacktrace = None\n        if isinstance(status, int):\n            value_json = response.get('value', None)\n            if value_json and isinstance(value_json, basestring):\n                import json\n                try:\n                    value = json.loads(value_json)\n                    if len(value.keys()) == 1:\n                        value = value['value']\n                    status = value.get('error', None)\n                    if status is None:\n                        status = value[\"status\"]\n                        message = value[\"value\"]\n                        if not isinstance(message, basestring):\n                            value = message\n                            message = message.get('message')\n                    else:\n                        message = value.get('message', None)\n                except ValueError:\n                    pass\n    \n        exception_class = ErrorInResponseException\n        if status in ErrorCode.NO_SUCH_ELEMENT:\n            exception_class = NoSuchElementException\n        elif status in ErrorCode.NO_SUCH_FRAME:\n            exception_class = NoSuchFrameException\n        elif status in ErrorCode.NO_SUCH_WINDOW:\n            exception_class = NoSuchWindowException\n        elif status in ErrorCode.STALE_ELEMENT_REFERENCE:\n            exception_class = StaleElementReferenceException\n        elif status in ErrorCode.ELEMENT_NOT_VISIBLE:\n            exception_class = ElementNotVisibleException\n        elif status in ErrorCode.INVALID_ELEMENT_STATE:\n            exception_class = InvalidElementStateException\n        elif status in ErrorCode.INVALID_SELECTOR \\\n                or status in ErrorCode.INVALID_XPATH_SELECTOR \\\n                or status in ErrorCode.INVALID_XPATH_SELECTOR_RETURN_TYPER:\n            exception_class = InvalidSelectorException\n        elif status in ErrorCode.ELEMENT_IS_NOT_SELECTABLE:\n            exception_class = ElementNotSelectableException\n        elif status in ErrorCode.ELEMENT_NOT_INTERACTABLE:\n            exception_class = ElementNotInteractableException\n        elif status in ErrorCode.INVALID_COOKIE_DOMAIN:\n            exception_class = InvalidCookieDomainException\n        elif status in ErrorCode.UNABLE_TO_SET_COOKIE:\n            exception_class = UnableToSetCookieException\n        elif status in ErrorCode.TIMEOUT:\n            exception_class = TimeoutException\n        elif status in ErrorCode.SCRIPT_TIMEOUT:\n            exception_class = TimeoutException\n        elif status in ErrorCode.UNKNOWN_ERROR:\n            exception_class = WebDriverException\n        elif status in ErrorCode.UNEXPECTED_ALERT_OPEN:\n            exception_class = UnexpectedAlertPresentException\n        elif status in ErrorCode.NO_ALERT_OPEN:\n            exception_class = NoAlertPresentException\n        elif status in ErrorCode.IME_NOT_AVAILABLE:\n            exception_class = ImeNotAvailableException\n        elif status in ErrorCode.IME_ENGINE_ACTIVATION_FAILED:\n            exception_class = ImeActivationFailedException\n        elif status in ErrorCode.MOVE_TARGET_OUT_OF_BOUNDS:\n            exception_class = MoveTargetOutOfBoundsException\n        elif status in ErrorCode.JAVASCRIPT_ERROR:\n            exception_class = JavascriptException\n        elif status in ErrorCode.SESSION_NOT_CREATED:\n            exception_class = SessionNotCreatedException\n        elif status in ErrorCode.INVALID_ARGUMENT:\n            exception_class = InvalidArgumentException\n        elif status in ErrorCode.NO_SUCH_COOKIE:\n            exception_class = NoSuchCookieException\n        elif status in ErrorCode.UNABLE_TO_CAPTURE_SCREEN:\n            exception_class = ScreenshotException\n        elif status in ErrorCode.ELEMENT_CLICK_INTERCEPTED:\n            exception_class = ElementClickInterceptedException\n        elif status in ErrorCode.INSECURE_CERTIFICATE:\n            exception_class = InsecureCertificateException\n        elif status in ErrorCode.INVALID_COORDINATES:\n            exception_class = InvalidCoordinatesException\n        elif status in ErrorCode.INVALID_SESSION_ID:\n            exception_class = InvalidSessionIdException\n        elif status in ErrorCode.UNKNOWN_METHOD:\n            exception_class = UnknownMethodException\n        else:\n            exception_class = WebDriverException\n        if value == '' or value is None:\n            value = response['value']\n        if isinstance(value, basestring):\n            if exception_class == ErrorInResponseException:\n                raise exception_class(response, value)\n            raise exception_class(value)\n        if message == \"\" and 'message' in value:\n            message = value['message']\n    \n        screen = None\n        if 'screen' in value:\n            screen = value['screen']\n    \n        stacktrace = None\n        if 'stackTrace' in value and value['stackTrace']:\n            stacktrace = []\n            try:\n                for frame in value['stackTrace']:\n                    line = self._value_or_default(frame, 'lineNumber', '')\n                    file = self._value_or_default(frame, 'fileName', '<anonymous>')\n                    if line:\n                        file = \"%s:%s\" % (file, line)\n                    meth = self._value_or_default(frame, 'methodName', '<anonymous>')\n                    if 'className' in frame:\n                        meth = \"%s.%s\" % (frame['className'], meth)\n                    msg = \"    at %s (%s)\"\n                    msg = msg % (meth, file)\n                    stacktrace.append(msg)\n            except TypeError:\n                pass\n        if exception_class == ErrorInResponseException:\n            raise exception_class(response, message)\n        elif exception_class == UnexpectedAlertPresentException:\n            alert_text = None\n            if 'data' in value:\n                alert_text = value['data'].get('text')\n            elif 'alert' in value:\n                alert_text = value['alert'].get('text')\n            raise exception_class(message, screen, stacktrace, alert_text)\n>       raise exception_class(message, screen, stacktrace)\nE       selenium.common.exceptions.WebDriverException: Message: chrome not reachable\nE         (Session info: chrome=85.0.4183.102)\n\nc:\\python36\\lib\\site-packages\\selenium\\webdriver\\remote\\errorhandler.py:242: WebDriverException\n\nDuring handling of the above exception, another exception occurred:\n\n    def test_Accounts ():\n        try:\n            rptTC_Title(\"Validate Accounts navigation & verify page object \")\n            LaunchBrowser()\n            rptStepDetails(\"Pass\", \"Browser Launched Successfully\")\n            sleep(2)\n>           fn_NavigateTo_AccountsPage()\n\nTC01_Accounts.py:23: \n_ _ _ _ _ _ _ _ _ _ _ _ _ _ _ _ _ _ _ _ _ _ _ _ _ _ _ _ _ _ _ _ _ _ _ _ _ _ _ _ _ _ _ _ _ _ _ _ _ _ _ _ _ _ _ _ _ _ \n\na = (), kw = {}, __tracebackhide__ = True, params = OrderedDict(), args = []\n\n    @wraps(func)\n    def impl(*a, **kw):\n        __tracebackhide__ = True\n        params = func_parameters(func, *a, **kw)\n        args = list(map(lambda x: represent(x), a))\n        with StepContext(self.title.format(*args, **params), params):\n>           return func(*a, **kw)\n\nc:\\python36\\lib\\site-packages\\allure_commons\\_allure.py:157: \n_ _ _ _ _ _ _ _ _ _ _ _ _ _ _ _ _ _ _ _ _ _ _ _ _ _ _ _ _ _ _ _ _ _ _ _ _ _ _ _ _ _ _ _ _ _ _ _ _ _ _ _ _ _ _ _ _ _ \n\n    @allure.step(\"Clicked on Accounts link on left panel\")\n    def fn_NavigateTo_AccountsPage():\n        try:\n            print(\"Navigate Account page function started ************\")\n            WebDriverWait(Browser,120).until(EC.element_to_be_clickable((By.XPATH,\"//*[@id='sitemap-entity-New_Account']/div[1]\")))\n            fn_objExist(Browser.find_element_by_xpath(\"//*[@id='sitemap-entity-New_Account']/div[1]\"))\n            Browser.find_element_by_xpath(\"//*[@id='sitemap-entity-New_Account']/div[1]\").click()\n            sleep(10)\n            WebDriverWait(Browser,120).until(EC.element_to_be_clickable((By.ID,\"quickFind_text_1\")))\n            fn_objExist(Browser.find_element_by_id(\"quickFind_text_1\"))\n            Browser.find_element_by_id(\"quickFind_text_1\").send_keys(\"Turntable Testing\")\n            Browser.find_element_by_id(\"quickFind_button_1\").click()\n            WebDriverWait(Browser,120).until(EC.element_to_be_clickable((By.PARTIAL_LINK_TEXT,\"Turntable Testing Company\")))\n            fn_objExist(Browser.find_element_by_partial_link_text(\"Turntable Testing Company\"))\n            Browser.find_element_by_partial_link_text(\"Turntable Testing Company\").click()\n            assert True\n        except:\n>           assert False\nE           AssertionError\n\n..\\..\\Commonfunction.py:137: AssertionError\n\nDuring handling of the above exception, another exception occurred:\n\n    def test_Accounts ():\n        try:\n            rptTC_Title(\"Validate Accounts navigation & verify page object \")\n            LaunchBrowser()\n            rptStepDetails(\"Pass\", \"Browser Launched Successfully\")\n            sleep(2)\n            fn_NavigateTo_AccountsPage()\n            fn_NavigateTo_QuotesPage()\n            fn_ClickOnNewQuote()\n    #         fn_VerifyQuotePage()\n            fn_EnterQuoteSummaryInfo()\n            sleep(random.randint(0,15))\n    #         fn_Click_Save_OnHeader()\n            print(\"completed\")\n            assert True\n        except:\n>           rptStepDetails(\"Fail\", \"Unknown error look for error in report\")\n\nTC01_Accounts.py:33: \n_ _ _ _ _ _ _ _ _ _ _ _ _ _ _ _ _ _ _ _ _ _ _ _ _ _ _ _ _ _ _ _ _ _ _ _ _ _ _ _ _ _ _ _ _ _ _ _ _ _ _ _ _ _ _ _ _ _ \n\nTestStatus = 'Fail', TestStep = 'Unknown error look for error in report'\n\n    @allure.step(\"{TestStatus},{TestStep}\")\n    def rptStepDetails(TestStatus=None,TestStep=None):\n        if TestStatus == \"Pass\" or TestStatus ==\"pass\":\n            allure.attach.file(\"C:/Users/DELL/Downloads/image.png\", \"ScreenShot\", attachment_type=None, extension=\"PNG\")\n            assert True\n        else:\n            allure.attach.file(\"C:/Users/DELL/Downloads/image.png\", \"ScreenShot\", attachment_type=None, extension=\"PNG\")\n>           assert False\nE           AssertionError\n\n..\\..\\ReportFunction.py:19: AssertionError"}, "steps": [{"name": "Browser Launched", "status": "passed", "steps": [{"name": "'Pass','Object exist hence exiting'", "status": "passed", "attachments": [{"name": "ScreenShot", "source": "193a9cb3-0d7f-4674-a465-53b0f29fceb2-attachment.PNG"}], "parameters": [{"name": "TestStatus", "value": "'Pass'"}, {"name": "TestStep", "value": "'Object exist hence exiting'"}], "start": 1599996547193, "stop": 1599996547195}, {"name": "'Pass','Login details entered & clicked on login button'", "status": "passed", "attachments": [{"name": "ScreenShot", "source": "b0ce4818-9c89-414e-9abe-3dbb47a58ade-attachment.PNG"}], "parameters": [{"name": "TestStatus", "value": "'Pass'"}, {"name": "TestStep", "value": "'Login details entered & clicked on login button'"}], "start": 1599996552544, "stop": 1599996552546}, {"name": "'Pass','Object exist hence exiting'", "status": "passed", "attachments": [{"name": "ScreenShot", "source": "067e04e1-75d5-46bd-ba78-7ab94e0a9f17-attachment.PNG"}], "parameters": [{"name": "TestStatus", "value": "'Pass'"}, {"name": "TestStep", "value": "'Object exist hence exiting'"}], "start": 1599996554270, "stop": 1599996554272}, {"name": "'Pass','Object exist hence exiting'", "status": "passed", "attachments": [{"name": "ScreenShot", "source": "6414c761-2e38-4b2b-86fa-02c44751829b-attachment.PNG"}], "parameters": [{"name": "TestStatus", "value": "'Pass'"}, {"name": "TestStep", "value": "'Object exist hence exiting'"}], "start": 1599996559389, "stop": 1599996559391}, {"name": "'Pass','Clicked on sign on button'", "status": "passed", "attachments": [{"name": "ScreenShot", "source": "d9f44211-6272-4e46-af08-9e618b2a565b-attachment.PNG"}], "parameters": [{"name": "TestStatus", "value": "'Pass'"}, {"name": "TestStep", "value": "'Clicked on sign on button'"}], "start": 1599996561268, "stop": 1599996561270}, {"name": "'Pass','Object exist hence exiting'", "status": "passed", "attachments": [{"name": "ScreenShot", "source": "b26ccf13-b189-4620-b87c-034c237da2d6-attachment.PNG"}], "parameters": [{"name": "TestStatus", "value": "'Pass'"}, {"name": "TestStep", "value": "'Object exist hence exiting'"}], "start": 1599996561389, "stop": 1599996561390}, {"name": "'Pass','Clicked on NO Button in the popup'", "status": "passed", "attachments": [{"name": "ScreenShot", "source": "adc5e923-556c-476c-b9be-38cb211d88fa-attachment.PNG"}], "parameters": [{"name": "TestStatus", "value": "'Pass'"}, {"name": "TestStep", "value": "'Clicked on NO Button in the popup'"}], "start": 1599996580403, "stop": 1599996580406}, {"name": "'Pass','Object exist hence exiting'", "status": "passed", "attachments": [{"name": "ScreenShot", "source": "1f528603-3fe9-40bd-95be-9778b62bb2c5-attachment.PNG"}], "parameters": [{"name": "TestStatus", "value": "'Pass'"}, {"name": "TestStep", "value": "'Object exist hence exiting'"}], "start": 1599996583651, "stop": 1599996583653}], "start": 1599996531630, "stop": 1599996638764}, {"name": "'Pass','Browser Launched Successfully'", "status": "passed", "attachments": [{"name": "ScreenShot", "source": "7dd1bde0-47e6-4e76-99d6-55d7508fd8ad-attachment.PNG"}], "parameters": [{"name": "TestStatus", "value": "'Pass'"}, {"name": "TestStep", "value": "'Browser Launched Successfully'"}], "start": 1599996638764, "stop": 1599996638767}, {"name": "Clicked on Accounts link on left panel", "status": "failed", "statusDetails": {"message": "AssertionError\n", "trace": "  File \"c:\\python36\\lib\\site-packages\\allure_commons\\_allure.py\", line 157, in impl\n    return func(*a, **kw)\n  File \"C:\\Users\\DELL\\eclipse-workspace\\CDI\\Commonfunction.py\", line 137, in fn_NavigateTo_AccountsPage\n    assert False\n"}, "start": 1599996640767, "stop": 1599996646392}, {"name": "'Fail','Unknown error look for error in report'", "status": "failed", "statusDetails": {"message": "AssertionError\n", "trace": "  File \"c:\\python36\\lib\\site-packages\\allure_commons\\_allure.py\", line 157, in impl\n    return func(*a, **kw)\n  File \"C:\\Users\\DELL\\eclipse-workspace\\CDI\\ReportFunction.py\", line 19, in rptStepDetails\n    assert False\n"}, "attachments": [{"name": "ScreenShot", "source": "20d70c4e-0046-4147-b114-f788fe9a6e72-attachment.PNG"}], "parameters": [{"name": "TestStatus", "value": "'Fail'"}, {"name": "TestStep", "value": "'Unknown error look for error in report'"}], "start": 1599996646401, "stop": 1599996646404}], "start": 1599996531630, "stop": 1599996646407, "uuid": "cbc7c7d9-a437-4dd8-b6fb-4ff637b338c5", "historyId": "1308f9c3f65abc16844080ba636a349e", "testCaseId": "915d1631ed0ced950e6348799c47ffc5", "fullName": "scr.Accounts.TC01_Accounts#test_Accounts", "labels": [{"name": "parentSuite", "value": "scr.Accounts"}, {"name": "suite", "value": "TC01_Accounts"}, {"name": "host", "value": "GOOGLE"}, {"name": "thread", "value": "644-MainThread"}, {"name": "framework", "value": "pytest"}, {"name": "language", "value": "cpython3"}, {"name": "package", "value": "scr.Accounts.TC01_Accounts"}]}