{"name": "Validate Left Panel links", "status": "failed", "statusDetails": {"message": "AssertionError: assert False", "trace": "@allure.title(\"Validate Left Panel links\")\n    def test_LeftPanel ():\n        try:\n    \n            LaunchBrowser()\n            fn_CaptureScreenShot(\"Pass\",\"After Browser Launch\")\n            sleep(2)\n>           fn_ClickHomeLink()\n\nTC04_Accounts.py:20: \n_ _ _ _ _ _ _ _ _ _ _ _ _ _ _ _ _ _ _ _ _ _ _ _ _ _ _ _ _ _ _ _ _ _ _ _ _ _ _ _ _ _ _ _ _ _ _ _ _ _ _ _ _ _ _ _ \n\na = (), kw = {}, __tracebackhide__ = True, params = OrderedDict(), args = []\n\n    @wraps(func)\n    def impl(*a, **kw):\n        __tracebackhide__ = True\n        params = func_parameters(func, *a, **kw)\n        args = list(map(lambda x: represent(x), a))\n        with StepContext(self.title.format(*args, **params), params):\n>           return func(*a, **kw)\n\nc:\\python36\\lib\\site-packages\\allure_commons\\_allure.py:157: \n_ _ _ _ _ _ _ _ _ _ _ _ _ _ _ _ _ _ _ _ _ _ _ _ _ _ _ _ _ _ _ _ _ _ _ _ _ _ _ _ _ _ _ _ _ _ _ _ _ _ _ _ _ _ _ _ \n\n    @allure.step(\"Clicked on Home link in left panel\")\n    def fn_ClickHomeLink():\n        Browser.find_element_by_xpath(\"(//*[@title='Go to home page'])[1]\").click()\n>       WebDriverWait(Browser,130).until(EC.visibility_of_element_located((By.XPATH,\"//span[@id='Dashboard_Selector_3486372d-7988-474d-9cf8-8e94504554ef_text-value']\")), \"Waiting for Home page\")\n\n..\\..\\Commonfunction.py:233: \n_ _ _ _ _ _ _ _ _ _ _ _ _ _ _ _ _ _ _ _ _ _ _ _ _ _ _ _ _ _ _ _ _ _ _ _ _ _ _ _ _ _ _ _ _ _ _ _ _ _ _ _ _ _ _ _ \n\nself = <selenium.webdriver.support.wait.WebDriverWait (session=\"33dad4d021ec3e2941f1a374ae3abd61\")>\nmethod = <selenium.webdriver.support.expected_conditions.visibility_of_element_located object at 0x0000000003C7FBE0>\nmessage = 'Waiting for Home page'\n\n    def until(self, method, message=''):\n        \"\"\"Calls the method provided with the driver as an argument until the \\\n        return value is not False.\"\"\"\n        screen = None\n        stacktrace = None\n    \n        end_time = time.time() + self._timeout\n        while True:\n            try:\n                value = method(self._driver)\n                if value:\n                    return value\n            except self._ignored_exceptions as exc:\n                screen = getattr(exc, 'screen', None)\n                stacktrace = getattr(exc, 'stacktrace', None)\n            time.sleep(self._poll)\n            if time.time() > end_time:\n                break\n>       raise TimeoutException(message, screen, stacktrace)\nE       selenium.common.exceptions.TimeoutException: Message: Waiting for Home page\n\nc:\\python36\\lib\\site-packages\\selenium\\webdriver\\support\\wait.py:80: TimeoutException\n\nDuring handling of the above exception, another exception occurred:\n\n    @allure.title(\"Validate Left Panel links\")\n    def test_LeftPanel ():\n        try:\n    \n            LaunchBrowser()\n            fn_CaptureScreenShot(\"Pass\",\"After Browser Launch\")\n            sleep(2)\n            fn_ClickHomeLink()\n            fn_ClickRecentLink()\n            fn_ClickDashboardsLink()\n            fn_ClickActivitiesLink()\n            fn_ClickAccountsLink()\n            fn_ClickContactsLink()\n            fn_ClickOpportunitiesLink()\n            fn_ClickQuotesLink()\n            fn_CaptureScreenShot(\"Pass\", \"Completed !!!\")\n            fn_closeBrowser()\n            assert True\n        except:\n            fn_CaptureScreenShot(\"Fail\", \"Unknown error look for error in report\")\n            fn_closeBrowser()\n>           assert False\nE           assert False\n\nTC04_Accounts.py:34: AssertionError"}, "steps": [{"name": "Browser Launched", "status": "passed", "steps": [{"name": "'Pass','Object exist on page <selenium.webdriver.remote.webelement.WebElement (session=\"33dad4d021ec3e2941f1a374ae3abd61\", element=\"7147b66f-c75a-418c-aa5e-b822abb79483\")>'", "status": "passed", "parameters": [{"name": "TestStatus", "value": "'Pass'"}, {"name": "TestStep", "value": "'Object exist on page <selenium.webdriver.remote.webelement.WebElement (session=\"33dad4d021ec3e2941f1a374ae3abd61\", element=\"7147b66f-c75a-418c-aa5e-b822abb79483\")>'"}], "start": 1604754038177, "stop": 1604754038177}, {"name": "'Pass','Login details entered & clicked on login button'", "status": "passed", "parameters": [{"name": "TestStatus", "value": "'Pass'"}, {"name": "TestStep", "value": "'Login details entered & clicked on login button'"}], "start": 1604754040492, "stop": 1604754040492}, {"name": "'Pass','Object exist on page <selenium.webdriver.remote.webelement.WebElement (session=\"33dad4d021ec3e2941f1a374ae3abd61\", element=\"9203df0b-cba9-48fa-a780-eca4b2f2cc20\")>'", "status": "passed", "parameters": [{"name": "TestStatus", "value": "'Pass'"}, {"name": "TestStep", "value": "'Object exist on page <selenium.webdriver.remote.webelement.WebElement (session=\"33dad4d021ec3e2941f1a374ae3abd61\", element=\"9203df0b-cba9-48fa-a780-eca4b2f2cc20\")>'"}], "start": 1604754042776, "stop": 1604754042776}, {"name": "'Pass','Object exist on page <selenium.webdriver.remote.webelement.WebElement (session=\"33dad4d021ec3e2941f1a374ae3abd61\", element=\"c86fe111-a737-423b-b4e1-19d6b54768f3\")>'", "status": "passed", "parameters": [{"name": "TestStatus", "value": "'Pass'"}, {"name": "TestStep", "value": "'Object exist on page <selenium.webdriver.remote.webelement.WebElement (session=\"33dad4d021ec3e2941f1a374ae3abd61\", element=\"c86fe111-a737-423b-b4e1-19d6b54768f3\")>'"}], "start": 1604754044908, "stop": 1604754044908}, {"name": "'Pass','Clicked on sign on button'", "status": "passed", "parameters": [{"name": "TestStatus", "value": "'Pass'"}, {"name": "TestStep", "value": "'Clicked on sign on button'"}], "start": 1604754047283, "stop": 1604754047284}, {"name": "'Pass','Object exist on page <selenium.webdriver.remote.webelement.WebElement (session=\"33dad4d021ec3e2941f1a374ae3abd61\", element=\"964ecb8b-2037-469d-bf31-8b14c19c6f57\")>'", "status": "passed", "parameters": [{"name": "TestStatus", "value": "'Pass'"}, {"name": "TestStep", "value": "'Object exist on page <selenium.webdriver.remote.webelement.WebElement (session=\"33dad4d021ec3e2941f1a374ae3abd61\", element=\"964ecb8b-2037-469d-bf31-8b14c19c6f57\")>'"}], "start": 1604754047427, "stop": 1604754047427}, {"name": "'Pass','Clicked on NO Button in the popup'", "status": "passed", "parameters": [{"name": "TestStatus", "value": "'Pass'"}, {"name": "TestStep", "value": "'Clicked on NO Button in the popup'"}], "start": 1604754059811, "stop": 1604754059811}, {"name": "'Pass','Object exist on page <selenium.webdriver.remote.webelement.WebElement (session=\"33dad4d021ec3e2941f1a374ae3abd61\", element=\"92ce7f49-1c03-4d71-8479-882e620587ff\")>'", "status": "passed", "parameters": [{"name": "TestStatus", "value": "'Pass'"}, {"name": "TestStep", "value": "'Object exist on page <selenium.webdriver.remote.webelement.WebElement (session=\"33dad4d021ec3e2941f1a374ae3abd61\", element=\"92ce7f49-1c03-4d71-8479-882e620587ff\")>'"}], "start": 1604754059937, "stop": 1604754059937}, {"name": "'Pass','Logged into application!!!'", "status": "passed", "parameters": [{"name": "TestStatus", "value": "'Pass'"}, {"name": "TestStep", "value": "'Logged into application!!!'"}], "start": 1604754086155, "stop": 1604754086155}], "start": 1604754024910, "stop": 1604754086155}, {"name": "*******ScreenShot 'After Browser Launch' **********", "status": "passed", "steps": [{"name": "'Pass','After Browser Launch'", "status": "passed", "parameters": [{"name": "TestStatus", "value": "'Pass'"}, {"name": "TestStep", "value": "'After Browser Launch'"}], "start": 1604754086603, "stop": 1604754086603}], "attachments": [{"name": "After Browser Launch", "source": "70ba3fb5-58e2-49d7-ac4c-89a1dc25648b-attachment.PNG"}], "parameters": [{"name": "TestStatus", "value": "'Pass'"}, {"name": "TestStep", "value": "'After Browser Launch'"}], "start": 1604754086603, "stop": 1604754086605}, {"name": "Clicked on Home link in left panel", "status": "broken", "statusDetails": {"message": "selenium.common.exceptions.TimeoutException: Message: Waiting for Home page\n\n", "trace": "  File \"c:\\python36\\lib\\site-packages\\allure_commons\\_allure.py\", line 157, in impl\n    return func(*a, **kw)\n  File \"C:\\Users\\DELL\\eclipse-workspace\\CDI\\Commonfunction.py\", line 233, in fn_ClickHomeLink\n    WebDriverWait(Browser,130).until(EC.visibility_of_element_located((By.XPATH,\"//span[@id='Dashboard_Selector_3486372d-7988-474d-9cf8-8e94504554ef_text-value']\")), \"Waiting for Home page\")\n  File \"c:\\python36\\lib\\site-packages\\selenium\\webdriver\\support\\wait.py\", line 80, in until\n    raise TimeoutException(message, screen, stacktrace)\n"}, "start": 1604754088605, "stop": 1604754219006}, {"name": "*******ScreenShot 'Unknown error look for error in report' **********", "status": "passed", "attachments": [{"name": "Unknown error look for error in report", "source": "e52cb21e-3fad-4f09-a9e6-eed8b95d83d8-attachment.PNG"}], "parameters": [{"name": "TestStatus", "value": "'Fail'"}, {"name": "TestStep", "value": "'Unknown error look for error in report'"}], "start": 1604754219408, "stop": 1604754219410}, {"name": "Browser Closed", "status": "passed", "start": 1604754219410, "stop": 1604754221997}], "start": 1604754024909, "stop": 1604754221998, "uuid": "3818cc18-2990-4817-806a-1d38076d57d3", "historyId": "938ea0f0617aadc76e1f858f21aafa30", "testCaseId": "cd2ca439d427cd29863b796d22ffe827", "fullName": "scr.Accounts.TC04_Accounts#test_LeftPanel", "labels": [{"name": "parentSuite", "value": "scr.Accounts"}, {"name": "suite", "value": "TC04_Accounts"}, {"name": "host", "value": "GOOGLE"}, {"name": "thread", "value": "7308-MainThread"}, {"name": "framework", "value": "pytest"}, {"name": "language", "value": "cpython3"}, {"name": "package", "value": "scr.Accounts.TC04_Accounts"}]}