{"name": "Validate Left Panel links", "status": "failed", "statusDetails": {"message": "AssertionError: assert False", "trace": "@allure.title(\"Validate Left Panel links\")\n    def test_LeftPanel ():\n        try:\n    \n            LaunchBrowser()\n            fn_CaptureScreenShot(\"Pass\",\"After Browser Launch\")\n            sleep(2)\n>           fn_ClickHomeLink()\n\nTC04_Accounts.py:20: \n_ _ _ _ _ _ _ _ _ _ _ _ _ _ _ _ _ _ _ _ _ _ _ _ _ _ _ _ _ _ _ _ _ _ _ _ _ _ _ _ _ _ _ _ _ _ _ _ _ _ _ _ _ _ _ _ \n\na = (), kw = {}, __tracebackhide__ = True, params = OrderedDict(), args = []\n\n    @wraps(func)\n    def impl(*a, **kw):\n        __tracebackhide__ = True\n        params = func_parameters(func, *a, **kw)\n        args = list(map(lambda x: represent(x), a))\n        with StepContext(self.title.format(*args, **params), params):\n>           return func(*a, **kw)\n\nc:\\python36\\lib\\site-packages\\allure_commons\\_allure.py:157: \n_ _ _ _ _ _ _ _ _ _ _ _ _ _ _ _ _ _ _ _ _ _ _ _ _ _ _ _ _ _ _ _ _ _ _ _ _ _ _ _ _ _ _ _ _ _ _ _ _ _ _ _ _ _ _ _ \n\n    @allure.step(\"Clicked on Home link in left panel\")\n    def fn_ClickHomeLink():\n        Browser.find_element_by_xpath(\"(//*[@title='Go to home page'])[1]\").click()\n>       WebDriverWait(Browser,130).until(EC.alert_is_present((By.XPATH,\"//span[contains(text(),'Trox Field Sales Dashboard')]\")), \"Waiting for Home page\")\nE       TypeError: __init__() takes 1 positional argument but 2 were given\n\n..\\..\\Commonfunction.py:233: TypeError\n\nDuring handling of the above exception, another exception occurred:\n\n    @allure.title(\"Validate Left Panel links\")\n    def test_LeftPanel ():\n        try:\n    \n            LaunchBrowser()\n            fn_CaptureScreenShot(\"Pass\",\"After Browser Launch\")\n            sleep(2)\n            fn_ClickHomeLink()\n            fn_ClickRecentLink()\n            fn_ClickDashboardsLink()\n            fn_ClickActivitiesLink()\n            fn_ClickAccountsLink()\n            fn_ClickContactsLink()\n            fn_ClickOpportunitiesLink()\n            fn_ClickQuotesLink()\n            fn_CaptureScreenShot(\"Pass\", \"Completed !!!\")\n            fn_closeBrowser()\n            assert True\n        except:\n            fn_CaptureScreenShot(\"Fail\", \"Unknown error look for error in report\")\n>           assert False\nE           assert False\n\nTC04_Accounts.py:33: AssertionError"}, "steps": [{"name": "Browser Launched", "status": "passed", "steps": [{"name": "'Pass','Object exist on page <selenium.webdriver.remote.webelement.WebElement (session=\"09b4c453fd6a15b32e9c969748e0f6ab\", element=\"cf73896b-a71d-47db-b09d-80abe94ac877\")>'", "status": "passed", "parameters": [{"name": "TestStatus", "value": "'Pass'"}, {"name": "TestStep", "value": "'Object exist on page <selenium.webdriver.remote.webelement.WebElement (session=\"09b4c453fd6a15b32e9c969748e0f6ab\", element=\"cf73896b-a71d-47db-b09d-80abe94ac877\")>'"}], "start": 1604752980561, "stop": 1604752980561}, {"name": "'Pass','Login details entered & clicked on login button'", "status": "passed", "parameters": [{"name": "TestStatus", "value": "'Pass'"}, {"name": "TestStep", "value": "'Login details entered & clicked on login button'"}], "start": 1604752982908, "stop": 1604752982908}, {"name": "'Pass','Object exist on page <selenium.webdriver.remote.webelement.WebElement (session=\"09b4c453fd6a15b32e9c969748e0f6ab\", element=\"9217f91c-430a-48d3-9906-4972d3272104\")>'", "status": "passed", "parameters": [{"name": "TestStatus", "value": "'Pass'"}, {"name": "TestStep", "value": "'Object exist on page <selenium.webdriver.remote.webelement.WebElement (session=\"09b4c453fd6a15b32e9c969748e0f6ab\", element=\"9217f91c-430a-48d3-9906-4972d3272104\")>'"}], "start": 1604752985153, "stop": 1604752985153}, {"name": "'Pass','Object exist on page <selenium.webdriver.remote.webelement.WebElement (session=\"09b4c453fd6a15b32e9c969748e0f6ab\", element=\"1805bc18-d03d-42c8-90ff-e056ae5df03a\")>'", "status": "passed", "parameters": [{"name": "TestStatus", "value": "'Pass'"}, {"name": "TestStep", "value": "'Object exist on page <selenium.webdriver.remote.webelement.WebElement (session=\"09b4c453fd6a15b32e9c969748e0f6ab\", element=\"1805bc18-d03d-42c8-90ff-e056ae5df03a\")>'"}], "start": 1604752987279, "stop": 1604752987279}, {"name": "'Pass','Clicked on sign on button'", "status": "passed", "parameters": [{"name": "TestStatus", "value": "'Pass'"}, {"name": "TestStep", "value": "'Clicked on sign on button'"}], "start": 1604752989593, "stop": 1604752989593}, {"name": "'Pass','Object exist on page <selenium.webdriver.remote.webelement.WebElement (session=\"09b4c453fd6a15b32e9c969748e0f6ab\", element=\"056637f3-d147-44e2-958f-ea30a1c6b271\")>'", "status": "passed", "parameters": [{"name": "TestStatus", "value": "'Pass'"}, {"name": "TestStep", "value": "'Object exist on page <selenium.webdriver.remote.webelement.WebElement (session=\"09b4c453fd6a15b32e9c969748e0f6ab\", element=\"056637f3-d147-44e2-958f-ea30a1c6b271\")>'"}], "start": 1604752989721, "stop": 1604752989721}, {"name": "'Pass','Clicked on NO Button in the popup'", "status": "passed", "parameters": [{"name": "TestStatus", "value": "'Pass'"}, {"name": "TestStep", "value": "'Clicked on NO Button in the popup'"}], "start": 1604753001642, "stop": 1604753001642}, {"name": "'Pass','Object exist on page <selenium.webdriver.remote.webelement.WebElement (session=\"09b4c453fd6a15b32e9c969748e0f6ab\", element=\"fb5d2fd6-03eb-4eef-a876-3049544e87e0\")>'", "status": "passed", "parameters": [{"name": "TestStatus", "value": "'Pass'"}, {"name": "TestStep", "value": "'Object exist on page <selenium.webdriver.remote.webelement.WebElement (session=\"09b4c453fd6a15b32e9c969748e0f6ab\", element=\"fb5d2fd6-03eb-4eef-a876-3049544e87e0\")>'"}], "start": 1604753002982, "stop": 1604753002982}, {"name": "'Pass','Logged into application!!!'", "status": "passed", "parameters": [{"name": "TestStatus", "value": "'Pass'"}, {"name": "TestStep", "value": "'Logged into application!!!'"}], "start": 1604753026096, "stop": 1604753026096}], "start": 1604752968529, "stop": 1604753026096}, {"name": "*******ScreenShot 'After Browser Launch' **********", "status": "passed", "steps": [{"name": "'Pass','After Browser Launch'", "status": "passed", "parameters": [{"name": "TestStatus", "value": "'Pass'"}, {"name": "TestStep", "value": "'After Browser Launch'"}], "start": 1604753026577, "stop": 1604753026577}], "attachments": [{"name": "After Browser Launch", "source": "7ac83f7f-0778-40eb-aea4-097ecd458cc9-attachment.PNG"}], "parameters": [{"name": "TestStatus", "value": "'Pass'"}, {"name": "TestStep", "value": "'After Browser Launch'"}], "start": 1604753026577, "stop": 1604753026579}, {"name": "Clicked on Home link in left panel", "status": "broken", "statusDetails": {"message": "TypeError: __init__() takes 1 positional argument but 2 were given\n", "trace": "  File \"c:\\python36\\lib\\site-packages\\allure_commons\\_allure.py\", line 157, in impl\n    return func(*a, **kw)\n  File \"C:\\Users\\DELL\\eclipse-workspace\\CDI\\Commonfunction.py\", line 233, in fn_ClickHomeLink\n    WebDriverWait(Browser,130).until(EC.alert_is_present((By.XPATH,\"//span[contains(text(),'Trox Field Sales Dashboard')]\")), \"Waiting for Home page\")\n"}, "start": 1604753028579, "stop": 1604753028809}, {"name": "*******ScreenShot 'Unknown error look for error in report' **********", "status": "passed", "attachments": [{"name": "Unknown error look for error in report", "source": "19c3aeed-900f-4f15-87de-21001fd8e2b8-attachment.PNG"}], "parameters": [{"name": "TestStatus", "value": "'Fail'"}, {"name": "TestStep", "value": "'Unknown error look for error in report'"}], "start": 1604753029467, "stop": 1604753029508}], "start": 1604752968528, "stop": 1604753029508, "uuid": "cd4ed561-086d-48ee-b1d9-09b15824eaea", "historyId": "938ea0f0617aadc76e1f858f21aafa30", "testCaseId": "cd2ca439d427cd29863b796d22ffe827", "fullName": "scr.Accounts.TC04_Accounts#test_LeftPanel", "labels": [{"name": "parentSuite", "value": "scr.Accounts"}, {"name": "suite", "value": "TC04_Accounts"}, {"name": "host", "value": "GOOGLE"}, {"name": "thread", "value": "4300-MainThread"}, {"name": "framework", "value": "pytest"}, {"name": "language", "value": "cpython3"}, {"name": "package", "value": "scr.Accounts.TC04_Accounts"}]}